=======================================================

N = 10

RANDOM

Selection/ Mergesort / Quicksort / Insertion

0.0 / 0.0 / 0.0 / 0.0

CRESCENT

Selection/ Mergesort / Quicksort / Insertion

0.0 / 0.0 / 0.0 / 0.0

DECRESCENTE

Selection/ Mergesort / Quicksort / Insertion

0.0 / 0.0 / 0.0 / 0.0

=======================================================

N = 100

RANDOM

Selection/ Mergesort / Quicksort / Insertion

0.0 / 0.0 / 0.0 / 0.0

CRESCENT

Selection/ Mergesort / Quicksort / Insertion

0.001 / 0.0 / 0.0 / 0.0

DECRESCENTE

Selection/ Mergesort / Quicksort / Insertion

0.0 / 0.0 / 0.0 / 0.001

=======================================================

N = 1000

RANDOM

Selection/ Mergesort / Quicksort / Insertion

0.021 / 0.002 / 0.001 / 0.032

CRESCENT

Selection/ Mergesort / Quicksort / Insertion

0.022 / 0.002 / 0.001 / 0.0

DECRESCENTE

Selection/ Mergesort / Quicksort / Insertion

0.023 / 0.002 / 0.001 / 0.064

=======================================================

N = 10000

RANDOM

Selection/ Mergesort / Quicksort / Insertion

2.119 / 0.026 / 0.014 / 3.673

CRESCENT

Selection/ Mergesort / Quicksort / Insertion

2.214 / 0.021 / 0.012 / 0.001

DECRESCENTE

Selection/ Mergesort / Quicksort / Insertion

2.442 / 0.021 / 0.012 / 7.253

